// 重构日志: 5ffd5637
// 同步 ID: f52cad4b @ Thu Jul  9 09:21:36 UTC 2026
// 重构日志: 036faef1
// 重构日志: 6c997ec6
// 重构日志: ffe437b7
// 重构日志: a4b40af2
// 重构日志: 96ba2f5d
// 重构日志: 71cdf109
// 同步 ID: 39f75c22 @ Sun Jul 12 14:42:17 UTC 2026
// 同步 ID: dc7be3f8 @ Sun Jul 12 23:09:06 UTC 2026
// 重构日志: 84e00ff4
// 同步 ID: 7fad1f69 @ Tue Jul 14 07:05:47 UTC 2026
// 重构日志: b8b8529f
// 重构日志: 183e744f
// 同步 ID: 5e2e8cba @ Thu Jul 16 14:53:41 UTC 2026
// 同步 ID: 9d967bc3 @ Thu Jul 16 16:58:59 UTC 2026
// 重构日志: 304d3545
// 同步 ID: cc32c253 @ Sat Jul 18 10:30:05 UTC 2026
// 同步 ID: 236aae55 @ Sat Jul 18 12:31:06 UTC 2026
// 同步 ID: 2953b4ef @ Sun Jul 19 00:36:10 UTC 2026
// 同步 ID: 14e3e8d0 @ Sun Jul 19 13:44:32 UTC 2026
// 同步 ID: f64e8997 @ Sun Jul 19 19:30:13 UTC 2026
// 同步 ID: 6151066c @ Tue Jul 21 05:15:05 UTC 2026
// 同步 ID: 3023ee33 @ Tue Jul 21 17:52:41 UTC 2026
// 重构日志: 358ad511
// 重构日志: 66a58f85
// 同步 ID: 7b333ee0 @ Thu Jul 23 10:54:42 UTC 2026
// 同步 ID: a625fe3c @ Thu Jul 23 12:53:46 UTC 2026
// 同步 ID: 8610827c @ Thu Jul 23 18:05:07 UTC 2026
// 同步 ID: 9a15779b @ Fri Jul 24 03:41:36 UTC 2026
